<?xml version="1.0" encoding="UTF-8"?>
<!-- Generated by org.testng.reporters.JUnitReportReporter -->
<testsuite hostname="KAUSHLAYA" failures="0" tests="5" name="cucumberOptions.TestRunner" time="0.204" errors="0" timestamp="2025-01-04T14:32:29 IST" skipped="0">
  <testcase classname="cucumberOptions.TestRunner" name="runScenario" time="0.008"/>
  <testcase classname="cucumberOptions.TestRunner" name="runScenario" time="0.009"/>
  <testcase classname="cucumberOptions.TestRunner" name="runScenario" time="0.028"/>
  <testcase classname="cucumberOptions.TestRunner" name="runScenario" time="0.147"/>
  <testcase classname="cucumberOptions.TestRunner" name="runScenario" time="0.012"/>
</testsuite> <!-- cucumberOptions.TestRunner -->
